<?xml version="1.0" encoding="utf-8"?><testsuites name="pytest tests"><testsuite name="pytest" errors="0" failures="0" skipped="0" tests="18" time="4.998" timestamp="2026-08-17T13:11:29.933051+00:00" hostname="agent-env-9a79b262-e000-4010-89ec-013b77c44d28"><testcase classname="tests.test_iteration2.TestAdPlans" name="test_public_plans_seeded" time="0.247" /><testcase classname="tests.test_iteration2.TestCMSPages" name="test_get_faq" time="0.160" /><testcase classname="tests.test_iteration2.TestCMSPages" name="test_get_privacy" time="0.130" /><testcase classname="tests.test_iteration2.TestCMSPages" name="test_get_terms" time="0.296" /><testcase classname="tests.test_iteration2.TestAdPlans" name="test_admin_create_plan_appears_public" time="0.890" /><testcase classname="tests.test_iteration2.TestCMSPages" name="test_get_unknown_404" time="0.207" /><testcase classname="tests.test_iteration2.TestCMSPages" name="test_admin_list_pages" time="0.414" /><testcase classname="tests.test_iteration2.TestCMSPages" name="test_admin_update_page_persists" time="0.479" /><testcase classname="tests.test_iteration2.TestAdPlans" name="test_reporter_cannot_create_plan" time="0.439" /><testcase classname="tests.test_iteration2.TestAdsFlow" name="test_full_flow" time="1.407" /><testcase classname="tests.test_iteration2.TestCMSPages" name="test_reader_cannot_edit_page" time="0.618" /><testcase classname="tests.test_iteration2.TestContact" name="test_submit_contact" time="0.256" /><testcase classname="tests.test_iteration2.TestContact" name="test_reader_cannot_list_contacts" time="0.073" /><testcase classname="tests.test_iteration2.TestAdsFlow" name="test_purchase_requires_auth" time="0.429" /><testcase classname="tests.test_iteration2.TestAuthor" name="test_author_page" time="1.336" /><testcase classname="tests.test_iteration2.TestAdsFlow" name="test_invalid_moderation_status" time="0.728" /><testcase classname="tests.test_iteration2.TestAuthor" name="test_author_invalid" time="0.158" /><testcase classname="tests.test_iteration2.TestPremium" name="test_premium_true_filter" time="0.350" /></testsuite></testsuites>