<?xml version="1.0" encoding="utf-8"?><testsuites name="pytest tests"><testsuite name="pytest" errors="0" failures="0" skipped="0" tests="45" time="8.900" timestamp="2026-08-17T12:34:47.151145+00:00" hostname="agent-env-9a79b262-e000-4010-89ec-013b77c44d28"><testcase classname="tests.backend_test.TestHealthAndPublic" name="test_health" time="0.260" /><testcase classname="tests.backend_test.TestHealthAndPublic" name="test_categories" time="0.223" /><testcase classname="tests.backend_test.TestHealthAndPublic" name="test_settings" time="0.071" /><testcase classname="tests.backend_test.TestAdminRBAC" name="test_admin_stats" time="0.604" /><testcase classname="tests.backend_test.TestHealthAndPublic" name="test_articles_list" time="0.091" /><testcase classname="tests.backend_test.TestAdminRBAC" name="test_admin_list_users" time="0.067" /><testcase classname="tests.backend_test.TestHealthAndPublic" name="test_articles_breaking" time="0.122" /><testcase classname="tests.backend_test.TestAdminRBAC" name="test_admin_audit_logs" time="0.068" /><testcase classname="tests.backend_test.TestAdminRBAC" name="test_admin_invoices" time="0.109" /><testcase classname="tests.backend_test.TestHealthAndPublic" name="test_articles_trending" time="0.077" /><testcase classname="tests.backend_test.TestHealthAndPublic" name="test_articles_by_category" time="0.074" /><testcase classname="tests.backend_test.TestAdminRBAC" name="test_admin_gst_export" time="0.086" /><testcase classname="tests.backend_test.TestHealthAndPublic" name="test_article_detail_and_views" time="0.369" /><testcase classname="tests.backend_test.TestHealthAndPublic" name="test_article_not_found" time="0.074" /><testcase classname="tests.backend_test.TestAdminRBAC" name="test_reader_forbidden_admin" time="0.438" /><testcase classname="tests.backend_test.TestHealthAndPublic" name="test_newsletter" time="0.081" /><testcase classname="tests.backend_test.TestAuth" name="test_login_admin" time="0.299" /><testcase classname="tests.backend_test.TestAuth" name="test_login_editor" time="0.455" /><testcase classname="tests.backend_test.TestAdminRBAC" name="test_reporter_forbidden_admin" time="0.826" /><testcase classname="tests.backend_test.TestAuth" name="test_login_reporter" time="0.300" /><testcase classname="tests.backend_test.TestAuth" name="test_login_reader" time="0.460" /><testcase classname="tests.backend_test.TestAdminRBAC" name="test_editor_can_view_comments" time="0.760" /><testcase classname="tests.backend_test.TestAdminRBAC" name="test_editor_cannot_list_users" time="0.070" /><testcase classname="tests.backend_test.TestAuth" name="test_login_invalid" time="0.114" /><testcase classname="tests.backend_test.TestAdminRBAC" name="test_admin_create_change_delete_user" time="0.896" /><testcase classname="tests.backend_test.TestAuth" name="test_register_new_user" time="0.483" /><testcase classname="tests.backend_test.TestAuth" name="test_me" time="0.446" /><testcase classname="tests.backend_test.TestPayments" name="test_plans" time="0.133" /><testcase classname="tests.backend_test.TestComments" name="test_post_guest_comment" time="0.577" /><testcase classname="tests.backend_test.TestPayments" name="test_create_and_verify_order_wb_gst" time="0.664" /><testcase classname="tests.backend_test.TestComments" name="test_post_profane_comment_hidden" time="0.073" /><testcase classname="tests.backend_test.TestComments" name="test_list_comments_excludes_hidden" time="0.069" /><testcase classname="tests.backend_test.TestComments" name="test_upvote_comment" time="0.147" /><testcase classname="tests.backend_test.TestComments" name="test_reply_threading" time="0.212" /><testcase classname="tests.backend_test.TestPayments" name="test_create_order_non_wb_igst" time="0.079" /><testcase classname="tests.backend_test.TestPayments" name="test_cancel_subscription" time="0.080" /><testcase classname="tests.backend_test.TestPush" name="test_vapid_key" time="0.118" /><testcase classname="tests.backend_test.TestStaffArticles" name="test_reporter_create_and_submit" time="0.139" /><testcase classname="tests.backend_test.TestPush" name="test_broadcast_admin_ok" time="0.285" /><testcase classname="tests.backend_test.TestStaffArticles" name="test_reporter_cannot_publish" time="0.232" /><testcase classname="tests.backend_test.TestPush" name="test_broadcast_forbidden" time="0.078" /><testcase classname="tests.backend_test.TestStaffArticles" name="test_editor_can_publish" time="0.216" /><testcase classname="tests.backend_test.TestWeather" name="test_weather_ip" time="1.255" /><testcase classname="tests.backend_test.TestStaffArticles" name="test_reader_cannot_access_staff" time="0.063" /><testcase classname="tests.backend_test.TestWeather" name="test_weather_city" time="1.625" /></testsuite></testsuites>